This is pdfTeX, Version 3.141592653-2.6-1.40.22 (TeX Live 2021 - Spack) (preloaded format=pdflatex 2022.1.13)  27 JUN 2022 16:23
entering extended mode
 restricted \write18 enabled.
 file:line:error style messages enabled.
 %&-line parsing enabled.
**/mnt/home/wwong/Papers/SymbolicGWPopulation_paper/src/tex/ms.tex
(/mnt/home/wwong/Papers/SymbolicGWPopulation_paper/src/tex/ms.tex
LaTeX2e <2020-10-01> patch level 4
L3 programming layer <2021-02-18> (/cm/shared/sw/nix/store/rkaqlbhxx2yq80qym5qrlv1p0v3y9dcj-texlive-20210325/texmf-dist/tex/latex/base/article.cls
Document Class: article 2020/04/10 v1.4m Standard LaTeX document class
(/cm/shared/sw/nix/store/rkaqlbhxx2yq80qym5qrlv1p0v3y9dcj-texlive-20210325/texmf-dist/tex/latex/base/size10.clo
File: size10.clo 2020/04/10 v1.4m Standard LaTeX file (size option)
)
\c@part=\count179
\c@section=\count180
\c@subsection=\count181
\c@subsubsection=\count182
\c@paragraph=\count183
\c@subparagraph=\count184
\c@figure=\count185
\c@table=\count186
\abovecaptionskip=\skip47
\belowcaptionskip=\skip48
\bibindent=\dimen138
) (/mnt/home/wwong/Papers/SymbolicGWPopulation_paper/src/tex/aas_macros.sty) (/mnt/home/wwong/Papers/SymbolicGWPopulation_paper/src/tex/showyourwork.sty
Package: showyourwork 2022/01/12 Open source science articles
) (/cm/shared/sw/nix/store/rkaqlbhxx2yq80qym5qrlv1p0v3y9dcj-texlive-20210325/texmf-dist/tex/latex/microtype/microtype.sty
Package: microtype 2021/03/14 v2.8c Micro-typographical refinements (RS)
 (/cm/shared/sw/nix/store/rkaqlbhxx2yq80qym5qrlv1p0v3y9dcj-texlive-20210325/texmf-dist/tex/latex/graphics/keyval.sty
Package: keyval 2014/10/28 v1.15 key=value parser (DPC)
\KV@toks@=\toks15
)
\MT@toks=\toks16
\MT@count=\count187
LaTeX Info: Redefining \textls on input line 790.
\MT@outer@kern=\dimen139
LaTeX Info: Redefining \textmicrotypecontext on input line 1374.
\MT@listname@count=\count188
 (/cm/shared/sw/nix/store/rkaqlbhxx2yq80qym5qrlv1p0v3y9dcj-texlive-20210325/texmf-dist/tex/latex/microtype/microtype-pdftex.def
File: microtype-pdftex.def 2021/03/14 v2.8c Definitions specific to pdftex (RS)
LaTeX Info: Redefining \lsstyle on input line 915.
LaTeX Info: Redefining \lslig on input line 915.
\MT@outer@space=\skip49
)
Package microtype Info: Loading configuration file microtype.cfg.
 (/cm/shared/sw/nix/store/rkaqlbhxx2yq80qym5qrlv1p0v3y9dcj-texlive-20210325/texmf-dist/tex/latex/microtype/microtype.cfg
File: microtype.cfg 2021/03/14 v2.8c microtype main configuration file (RS)
)) (/cm/shared/sw/nix/store/rkaqlbhxx2yq80qym5qrlv1p0v3y9dcj-texlive-20210325/texmf-dist/tex/latex/graphics/graphicx.sty
Package: graphicx 2020/09/09 v1.2b Enhanced LaTeX Graphics (DPC,SPQR)
 (/cm/shared/sw/nix/store/rkaqlbhxx2yq80qym5qrlv1p0v3y9dcj-texlive-20210325/texmf-dist/tex/latex/graphics/graphics.sty
Package: graphics 2020/08/30 v1.4c Standard LaTeX Graphics (DPC,SPQR)
 (/cm/shared/sw/nix/store/rkaqlbhxx2yq80qym5qrlv1p0v3y9dcj-texlive-20210325/texmf-dist/tex/latex/graphics/trig.sty
Package: trig 2016/01/03 v1.10 sin cos tan (DPC)
) (/cm/shared/sw/nix/store/rkaqlbhxx2yq80qym5qrlv1p0v3y9dcj-texlive-20210325/texmf-dist/tex/latex/graphics-cfg/graphics.cfg
File: graphics.cfg 2016/06/04 v1.11 sample graphics configuration
)
Package graphics Info: Driver file: pdftex.def on input line 105.
 (/cm/shared/sw/nix/store/rkaqlbhxx2yq80qym5qrlv1p0v3y9dcj-texlive-20210325/texmf-dist/tex/latex/graphics-def/pdftex.def
File: pdftex.def 2020/10/05 v1.2a Graphics/color driver for pdftex
))
\Gin@req@height=\dimen140
\Gin@req@width=\dimen141
) (/cm/shared/sw/nix/store/rkaqlbhxx2yq80qym5qrlv1p0v3y9dcj-texlive-20210325/texmf-dist/tex/latex/subfigure/subfigure.sty
Package: subfigure 2002/03/15 v2.1.5 subfigure package
\subfigtopskip=\skip50
\subfigcapskip=\skip51
\subfigcaptopadj=\dimen142
\subfigbottomskip=\skip52
\subfigcapmargin=\dimen143
\subfiglabelskip=\skip53
\c@subfigure=\count189
\c@lofdepth=\count190
\c@subtable=\count191
\c@lotdepth=\count192

****************************************
* Local config file subfigure.cfg used *
****************************************
(/cm/shared/sw/nix/store/rkaqlbhxx2yq80qym5qrlv1p0v3y9dcj-texlive-20210325/texmf-dist/tex/latex/subfigure/subfigure.cfg)
\subfig@top=\skip54
\subfig@bottom=\skip55
) (/cm/shared/sw/nix/store/rkaqlbhxx2yq80qym5qrlv1p0v3y9dcj-texlive-20210325/texmf-dist/tex/latex/natbib/natbib.sty
Package: natbib 2010/09/13 8.31b (PWD, AO)
\bibhang=\skip56
\bibsep=\skip57
LaTeX Info: Redefining \cite on input line 694.
\c@NAT@ctr=\count193
) (/cm/shared/sw/nix/store/rkaqlbhxx2yq80qym5qrlv1p0v3y9dcj-texlive-20210325/texmf-dist/tex/latex/booktabs/booktabs.sty
Package: booktabs 2020/01/12 v1.61803398 Publication quality tables
\heavyrulewidth=\dimen144
\lightrulewidth=\dimen145
\cmidrulewidth=\dimen146
\belowrulesep=\dimen147
\belowbottomsep=\dimen148
\aboverulesep=\dimen149
\abovetopsep=\dimen150
\cmidrulesep=\dimen151
\cmidrulekern=\dimen152
\defaultaddspace=\dimen153
\@cmidla=\count194
\@cmidlb=\count195
\@aboverulesep=\dimen154
\@belowrulesep=\dimen155
\@thisruleclass=\count196
\@lastruleclass=\count197
\@thisrulewidth=\dimen156
) (/cm/shared/sw/nix/store/rkaqlbhxx2yq80qym5qrlv1p0v3y9dcj-texlive-20210325/texmf-dist/tex/latex/hyperref/hyperref.sty
Package: hyperref 2021-02-27 v7.00k Hypertext links for LaTeX
 (/cm/shared/sw/nix/store/rkaqlbhxx2yq80qym5qrlv1p0v3y9dcj-texlive-20210325/texmf-dist/tex/generic/ltxcmds/ltxcmds.sty
Package: ltxcmds 2020-05-10 v1.25 LaTeX kernel commands for general use (HO)
) (/cm/shared/sw/nix/store/rkaqlbhxx2yq80qym5qrlv1p0v3y9dcj-texlive-20210325/texmf-dist/tex/generic/iftex/iftex.sty
Package: iftex 2020/03/06 v1.0d TeX engine tests
) (/cm/shared/sw/nix/store/rkaqlbhxx2yq80qym5qrlv1p0v3y9dcj-texlive-20210325/texmf-dist/tex/generic/pdftexcmds/pdftexcmds.sty
Package: pdftexcmds 2020-06-27 v0.33 Utility functions of pdfTeX for LuaTeX (HO)
 (/cm/shared/sw/nix/store/rkaqlbhxx2yq80qym5qrlv1p0v3y9dcj-texlive-20210325/texmf-dist/tex/generic/infwarerr/infwarerr.sty
Package: infwarerr 2019/12/03 v1.5 Providing info/warning/error messages (HO)
)
Package pdftexcmds Info: \pdf@primitive is available.
Package pdftexcmds Info: \pdf@ifprimitive is available.
Package pdftexcmds Info: \pdfdraftmode found.
) (/cm/shared/sw/nix/store/rkaqlbhxx2yq80qym5qrlv1p0v3y9dcj-texlive-20210325/texmf-dist/tex/generic/kvsetkeys/kvsetkeys.sty
Package: kvsetkeys 2019/12/15 v1.18 Key value parser (HO)
) (/cm/shared/sw/nix/store/rkaqlbhxx2yq80qym5qrlv1p0v3y9dcj-texlive-20210325/texmf-dist/tex/generic/kvdefinekeys/kvdefinekeys.sty
Package: kvdefinekeys 2019-12-19 v1.6 Define keys (HO)
) (/cm/shared/sw/nix/store/rkaqlbhxx2yq80qym5qrlv1p0v3y9dcj-texlive-20210325/texmf-dist/tex/generic/pdfescape/pdfescape.sty
Package: pdfescape 2019/12/09 v1.15 Implements pdfTeX's escape features (HO)
) (/cm/shared/sw/nix/store/rkaqlbhxx2yq80qym5qrlv1p0v3y9dcj-texlive-20210325/texmf-dist/tex/latex/hycolor/hycolor.sty
Package: hycolor 2020-01-27 v1.10 Color options for hyperref/bookmark (HO)
) (/cm/shared/sw/nix/store/rkaqlbhxx2yq80qym5qrlv1p0v3y9dcj-texlive-20210325/texmf-dist/tex/latex/letltxmacro/letltxmacro.sty
Package: letltxmacro 2019/12/03 v1.6 Let assignment for LaTeX macros (HO)
) (/cm/shared/sw/nix/store/rkaqlbhxx2yq80qym5qrlv1p0v3y9dcj-texlive-20210325/texmf-dist/tex/latex/auxhook/auxhook.sty
Package: auxhook 2019-12-17 v1.6 Hooks for auxiliary files (HO)
) (/cm/shared/sw/nix/store/rkaqlbhxx2yq80qym5qrlv1p0v3y9dcj-texlive-20210325/texmf-dist/tex/latex/kvoptions/kvoptions.sty
Package: kvoptions 2020-10-07 v3.14 Key value format for package options (HO)
)
\@linkdim=\dimen157
\Hy@linkcounter=\count198
\Hy@pagecounter=\count199
 (/cm/shared/sw/nix/store/rkaqlbhxx2yq80qym5qrlv1p0v3y9dcj-texlive-20210325/texmf-dist/tex/latex/hyperref/pd1enc.def
File: pd1enc.def 2021-02-27 v7.00k Hyperref: PDFDocEncoding definition (HO)
Now handling font encoding PD1 ...
... no UTF-8 mapping file for font encoding PD1
) (/cm/shared/sw/nix/store/rkaqlbhxx2yq80qym5qrlv1p0v3y9dcj-texlive-20210325/texmf-dist/tex/latex/hyperref/hyperref-langpatches.def
File: hyperref-langpatches.def 2021-02-27 v7.00k Hyperref: patches for babel languages
) (/cm/shared/sw/nix/store/rkaqlbhxx2yq80qym5qrlv1p0v3y9dcj-texlive-20210325/texmf-dist/tex/generic/intcalc/intcalc.sty
Package: intcalc 2019/12/15 v1.3 Expandable calculations with integers (HO)
) (/cm/shared/sw/nix/store/rkaqlbhxx2yq80qym5qrlv1p0v3y9dcj-texlive-20210325/texmf-dist/tex/generic/etexcmds/etexcmds.sty
Package: etexcmds 2019/12/15 v1.7 Avoid name clashes with e-TeX commands (HO)
)
\Hy@SavedSpaceFactor=\count266
 (/cm/shared/sw/nix/store/rkaqlbhxx2yq80qym5qrlv1p0v3y9dcj-texlive-20210325/texmf-dist/tex/latex/hyperref/puenc.def
File: puenc.def 2021-02-27 v7.00k Hyperref: PDF Unicode definition (HO)
Now handling font encoding PU ...
... no UTF-8 mapping file for font encoding PU
)
Package hyperref Info: Hyper figures OFF on input line 4192.
Package hyperref Info: Link nesting OFF on input line 4197.
Package hyperref Info: Hyper index ON on input line 4200.
Package hyperref Info: Plain pages OFF on input line 4207.
Package hyperref Info: Backreferencing OFF on input line 4212.
Package hyperref Info: Implicit mode ON; LaTeX internals redefined.
Package hyperref Info: Bookmarks ON on input line 4445.
\c@Hy@tempcnt=\count267
 (/cm/shared/sw/nix/store/rkaqlbhxx2yq80qym5qrlv1p0v3y9dcj-texlive-20210325/texmf-dist/tex/latex/url/url.sty
\Urlmuskip=\muskip16
Package: url 2013/09/16  ver 3.4  Verb mode for urls, etc.
)
LaTeX Info: Redefining \url on input line 4804.
\XeTeXLinkMargin=\dimen158
 (/cm/shared/sw/nix/store/rkaqlbhxx2yq80qym5qrlv1p0v3y9dcj-texlive-20210325/texmf-dist/tex/generic/bitset/bitset.sty
Package: bitset 2019/12/09 v1.3 Handle bit-vector datatype (HO)
 (/cm/shared/sw/nix/store/rkaqlbhxx2yq80qym5qrlv1p0v3y9dcj-texlive-20210325/texmf-dist/tex/generic/bigintcalc/bigintcalc.sty
Package: bigintcalc 2019/12/15 v1.5 Expandable calculations on big integers (HO)
))
\Fld@menulength=\count268
\Field@Width=\dimen159
\Fld@charsize=\dimen160
Package hyperref Info: Hyper figures OFF on input line 6075.
Package hyperref Info: Link nesting OFF on input line 6080.
Package hyperref Info: Hyper index ON on input line 6083.
Package hyperref Info: backreferencing OFF on input line 6090.
Package hyperref Info: Link coloring OFF on input line 6095.
Package hyperref Info: Link coloring with OCG OFF on input line 6100.
Package hyperref Info: PDF/A mode OFF on input line 6105.
LaTeX Info: Redefining \ref on input line 6145.
LaTeX Info: Redefining \pageref on input line 6149.
 (/cm/shared/sw/nix/store/rkaqlbhxx2yq80qym5qrlv1p0v3y9dcj-texlive-20210325/texmf-dist/tex/latex/base/atbegshi-ltx.sty
Package: atbegshi-ltx 2020/08/17 v1.0a Emulation of the original atbegshi package
with kernel methods
)
\Hy@abspage=\count269
\c@Item=\count270
\c@Hfootnote=\count271
)
Package hyperref Info: Driver (autodetected): hpdftex.
 (/cm/shared/sw/nix/store/rkaqlbhxx2yq80qym5qrlv1p0v3y9dcj-texlive-20210325/texmf-dist/tex/latex/hyperref/hpdftex.def
File: hpdftex.def 2021-02-27 v7.00k Hyperref driver for pdfTeX
 (/cm/shared/sw/nix/store/rkaqlbhxx2yq80qym5qrlv1p0v3y9dcj-texlive-20210325/texmf-dist/tex/latex/base/atveryend-ltx.sty
Package: atveryend-ltx 2020/08/19 v1.0a Emulation of the original atvery package
with kernel methods
)
\Fld@listcount=\count272
\c@bookmark@seq@number=\count273
 (/cm/shared/sw/nix/store/rkaqlbhxx2yq80qym5qrlv1p0v3y9dcj-texlive-20210325/texmf-dist/tex/latex/rerunfilecheck/rerunfilecheck.sty
Package: rerunfilecheck 2019/12/05 v1.9 Rerun checks for auxiliary files (HO)
 (/cm/shared/sw/nix/store/rkaqlbhxx2yq80qym5qrlv1p0v3y9dcj-texlive-20210325/texmf-dist/tex/generic/uniquecounter/uniquecounter.sty
Package: uniquecounter 2019/12/15 v1.4 Provide unlimited unique counter (HO)
)
Package uniquecounter Info: New unique counter `rerunfilecheck' on input line 286.
)
\Hy@SectionHShift=\skip58
) (/cm/shared/sw/nix/store/rkaqlbhxx2yq80qym5qrlv1p0v3y9dcj-texlive-20210325/texmf-dist/tex/latex/tools/xspace.sty
Package: xspace 2014/10/28 v1.13 Space after command names (DPC,MH)
) (/cm/shared/sw/nix/store/rkaqlbhxx2yq80qym5qrlv1p0v3y9dcj-texlive-20210325/texmf-dist/tex/latex/xcolor/xcolor.sty
Package: xcolor 2016/05/11 v2.12 LaTeX color extensions (UK)
 (/cm/shared/sw/nix/store/rkaqlbhxx2yq80qym5qrlv1p0v3y9dcj-texlive-20210325/texmf-dist/tex/latex/graphics-cfg/color.cfg
File: color.cfg 2016/01/02 v1.6 sample color configuration
)
Package xcolor Info: Driver file: pdftex.def on input line 225.
Package xcolor Info: Model `cmy' substituted by `cmy0' on input line 1348.
Package xcolor Info: Model `hsb' substituted by `rgb' on input line 1352.
Package xcolor Info: Model `RGB' extended on input line 1364.
Package xcolor Info: Model `HTML' substituted by `rgb' on input line 1366.
Package xcolor Info: Model `Hsb' substituted by `hsb' on input line 1367.
Package xcolor Info: Model `tHsb' substituted by `hsb' on input line 1368.
Package xcolor Info: Model `HSB' substituted by `hsb' on input line 1369.
Package xcolor Info: Model `Gray' substituted by `gray' on input line 1370.
Package xcolor Info: Model `wave' substituted by `hsb' on input line 1371.
) (/mnt/home/wwong/Papers/SymbolicGWPopulation_paper/src/tex/icml2022.sty
Package: icml2022 2021/11/24 v2.0 ICML Conference Style File
 (/cm/shared/sw/nix/store/rkaqlbhxx2yq80qym5qrlv1p0v3y9dcj-texlive-20210325/texmf-dist/tex/latex/psnfss/times.sty
Package: times 2020/03/25 PSNFSS-v9.3 (SPQR) 
) (/mnt/home/wwong/Papers/SymbolicGWPopulation_paper/src/tex/fancyhdr.sty
\fancy@headwidth=\skip59
\f@ncyO@elh=\skip60
\f@ncyO@erh=\skip61
\f@ncyO@olh=\skip62
\f@ncyO@orh=\skip63
\f@ncyO@elf=\skip64
\f@ncyO@erf=\skip65
\f@ncyO@olf=\skip66
\f@ncyO@orf=\skip67
) (/mnt/home/wwong/Papers/SymbolicGWPopulation_paper/src/tex/algorithm.sty
Package: algorithm 

Document Style `algorithm' - floating environment
(/cm/shared/sw/nix/store/rkaqlbhxx2yq80qym5qrlv1p0v3y9dcj-texlive-20210325/texmf-dist/tex/latex/float/float.sty
Package: float 2001/11/08 v1.3d Float enhancements (AL)
\c@float@type=\count274
\float@exts=\toks17
\float@box=\box47
\@float@everytoks=\toks18
\@floatcapt=\box48
) (/cm/shared/sw/nix/store/rkaqlbhxx2yq80qym5qrlv1p0v3y9dcj-texlive-20210325/texmf-dist/tex/latex/base/ifthen.sty
Package: ifthen 2014/09/29 v1.1c Standard LaTeX ifthen package (DPC)
)
\@float@every@algorithm=\toks19
\c@algorithm=\count275
) (/mnt/home/wwong/Papers/SymbolicGWPopulation_paper/src/tex/algorithmic.sty
Package: algorithmic 

Document Style `algorithmic' - environment
(/cm/shared/sw/nix/store/rkaqlbhxx2yq80qym5qrlv1p0v3y9dcj-texlive-20210325/texmf-dist/tex/latex/tools/calc.sty
Package: calc 2017/05/25 v4.3 Infix arithmetic (KKT,FJ)
\calc@Acount=\count276
\calc@Bcount=\count277
\calc@Adimen=\dimen161
\calc@Bdimen=\dimen162
\calc@Askip=\skip68
\calc@Bskip=\skip69
LaTeX Info: Redefining \setlength on input line 80.
LaTeX Info: Redefining \addtolength on input line 81.
\calc@Ccount=\count278
\calc@Cskip=\skip70
)
\c@ALC@line=\count279
\c@ALC@rem=\count280
\ALC@tlm=\skip71
) (/cm/shared/sw/nix/store/rkaqlbhxx2yq80qym5qrlv1p0v3y9dcj-texlive-20210325/texmf-dist/tex/latex/eso-pic/eso-pic.sty
Package: eso-pic 2020/10/14 v3.0a eso-pic (RN)
\ESO@tempdima=\dimen163
\ESO@tempdimb=\dimen164
) (/cm/shared/sw/nix/store/rkaqlbhxx2yq80qym5qrlv1p0v3y9dcj-texlive-20210325/texmf-dist/tex/latex/forloop/forloop.sty
Package: forloop 2006/09/18 v3.0 For Loops for LaTeX
)
Package hyperref Info: Option `colorlinks' set `true' on input line 119.
\titrun=\box49
\c@@affiliationcounter=\count281
\c@@affilnum=\count282
\newcaptionbox=\box50
\newcaptionboxwid=\dimen165
\icmlrulerbox=\box51
\icmlrulercount=\count283
\icmlruleroffset=\dimen166
\cv@lineheight=\dimen167
\cv@boxheight=\dimen168
\cv@tmpbox=\box52
\cv@refno=\count284
\cv@tot=\count285
\cv@tmpc@=\count286
\cv@tmpc=\count287
) (/cm/shared/sw/nix/store/rkaqlbhxx2yq80qym5qrlv1p0v3y9dcj-texlive-20210325/texmf-dist/tex/latex/amsmath/amsmath.sty
Package: amsmath 2020/09/23 v2.17i AMS math features
\@mathmargin=\skip72

For additional information on amsmath, use the `?' option.
(/cm/shared/sw/nix/store/rkaqlbhxx2yq80qym5qrlv1p0v3y9dcj-texlive-20210325/texmf-dist/tex/latex/amsmath/amstext.sty
Package: amstext 2000/06/29 v2.01 AMS text
 (/cm/shared/sw/nix/store/rkaqlbhxx2yq80qym5qrlv1p0v3y9dcj-texlive-20210325/texmf-dist/tex/latex/amsmath/amsgen.sty
File: amsgen.sty 1999/11/30 v2.0 generic functions
\@emptytoks=\toks20
\ex@=\dimen169
)) (/cm/shared/sw/nix/store/rkaqlbhxx2yq80qym5qrlv1p0v3y9dcj-texlive-20210325/texmf-dist/tex/latex/amsmath/amsbsy.sty
Package: amsbsy 1999/11/29 v1.2d Bold Symbols
\pmbraise@=\dimen170
) (/cm/shared/sw/nix/store/rkaqlbhxx2yq80qym5qrlv1p0v3y9dcj-texlive-20210325/texmf-dist/tex/latex/amsmath/amsopn.sty
Package: amsopn 2016/03/08 v2.02 operator names
)
\inf@bad=\count288
LaTeX Info: Redefining \frac on input line 234.
\uproot@=\count289
\leftroot@=\count290
LaTeX Info: Redefining \overline on input line 399.
\classnum@=\count291
\DOTSCASE@=\count292
LaTeX Info: Redefining \ldots on input line 496.
LaTeX Info: Redefining \dots on input line 499.
LaTeX Info: Redefining \cdots on input line 620.
\Mathstrutbox@=\box53
\strutbox@=\box54
\big@size=\dimen171
LaTeX Font Info:    Redeclaring font encoding OML on input line 743.
LaTeX Font Info:    Redeclaring font encoding OMS on input line 744.
\macc@depth=\count293
\c@MaxMatrixCols=\count294
\dotsspace@=\muskip17
\c@parentequation=\count295
\dspbrk@lvl=\count296
\tag@help=\toks21
\row@=\count297
\column@=\count298
\maxfields@=\count299
\andhelp@=\toks22
\eqnshift@=\dimen172
\alignsep@=\dimen173
\tagshift@=\dimen174
\tagwidth@=\dimen175
\totwidth@=\dimen176
\lineht@=\dimen177
\@envbody=\toks23
\multlinegap=\skip73
\multlinetaggap=\skip74
\mathdisplay@stack=\toks24
LaTeX Info: Redefining \[ on input line 2923.
LaTeX Info: Redefining \] on input line 2924.
) (/cm/shared/sw/nix/store/rkaqlbhxx2yq80qym5qrlv1p0v3y9dcj-texlive-20210325/texmf-dist/tex/latex/amsfonts/amssymb.sty
Package: amssymb 2013/01/14 v3.01 AMS font symbols
 (/cm/shared/sw/nix/store/rkaqlbhxx2yq80qym5qrlv1p0v3y9dcj-texlive-20210325/texmf-dist/tex/latex/amsfonts/amsfonts.sty
Package: amsfonts 2013/01/14 v3.01 Basic AMSFonts support
\symAMSa=\mathgroup4
\symAMSb=\mathgroup5
LaTeX Font Info:    Redeclaring math symbol \hbar on input line 98.
LaTeX Font Info:    Overwriting math alphabet `\mathfrak' in version `bold'
(Font)                  U/euf/m/n --> U/euf/b/n on input line 106.
)) (/cm/shared/sw/nix/store/rkaqlbhxx2yq80qym5qrlv1p0v3y9dcj-texlive-20210325/texmf-dist/tex/latex/mathtools/mathtools.sty
Package: mathtools 2021/03/18 v1.25 mathematical typesetting tools
 (/cm/shared/sw/nix/store/rkaqlbhxx2yq80qym5qrlv1p0v3y9dcj-texlive-20210325/texmf-dist/tex/latex/mathtools/mhsetup.sty
Package: mhsetup 2021/03/18 v1.4 programming setup (MH)
)
LaTeX Info: Thecontrolsequence`\('isalreadyrobust on input line 130.
LaTeX Info: Thecontrolsequence`\)'isalreadyrobust on input line 130.
LaTeX Info: Thecontrolsequence`\['isalreadyrobust on input line 130.
LaTeX Info: Thecontrolsequence`\]'isalreadyrobust on input line 130.
\g_MT_multlinerow_int=\count300
\l_MT_multwidth_dim=\dimen178
\origjot=\skip75
\l_MT_shortvdotswithinadjustabove_dim=\dimen179
\l_MT_shortvdotswithinadjustbelow_dim=\dimen180
\l_MT_above_intertext_sep=\dimen181
\l_MT_below_intertext_sep=\dimen182
\l_MT_above_shortintertext_sep=\dimen183
\l_MT_below_shortintertext_sep=\dimen184
\xmathstrut@box=\box55
\xmathstrut@dim=\dimen185
) (/cm/shared/sw/nix/store/rkaqlbhxx2yq80qym5qrlv1p0v3y9dcj-texlive-20210325/texmf-dist/tex/latex/amscls/amsthm.sty
Package: amsthm 2020/05/29 v2.20.6
\thm@style=\toks25
\thm@bodyfont=\toks26
\thm@headfont=\toks27
\thm@notefont=\toks28
\thm@headpunct=\toks29
\thm@preskip=\skip76
\thm@postskip=\skip77
\thm@headsep=\skip78
\dth@everypar=\toks30
) (/cm/shared/sw/nix/store/rkaqlbhxx2yq80qym5qrlv1p0v3y9dcj-texlive-20210325/texmf-dist/tex/latex/cleveref/cleveref.sty
Package: cleveref 2018/03/27 v0.21.4 Intelligent cross-referencing
Package cleveref Info: `hyperref' support loaded on input line 2370.
LaTeX Info: Redefining \cref on input line 2370.
LaTeX Info: Redefining \Cref on input line 2370.
LaTeX Info: Redefining \crefrange on input line 2370.
LaTeX Info: Redefining \Crefrange on input line 2370.
LaTeX Info: Redefining \cpageref on input line 2370.
LaTeX Info: Redefining \Cpageref on input line 2370.
LaTeX Info: Redefining \cpagerefrange on input line 2370.
LaTeX Info: Redefining \Cpagerefrange on input line 2370.
LaTeX Info: Redefining \labelcref on input line 2370.
LaTeX Info: Redefining \labelcpageref on input line 2370.
Package cleveref Info: `amsthm' support loaded on input line 3026.
Package cleveref Info: always capitalise cross-reference names on input line 7830.
Package cleveref Info: always capitalise cross-reference names on input line 7852.
Package cleveref Info: no abbreviation of names on input line 7852.
)
\c@theorem=\count301
 (/cm/shared/sw/nix/store/rkaqlbhxx2yq80qym5qrlv1p0v3y9dcj-texlive-20210325/texmf-dist/tex/latex/todonotes/todonotes.sty
Package: todonotes 2020/08/18 v1.1.3 Todonotes source and documentation.
Package: todonotes 2018/11/22
 (/cm/shared/sw/nix/store/rkaqlbhxx2yq80qym5qrlv1p0v3y9dcj-texlive-20210325/texmf-dist/tex/latex/xkeyval/xkeyval.sty
Package: xkeyval 2020/11/20 v2.8 package option processing (HA)
 (/cm/shared/sw/nix/store/rkaqlbhxx2yq80qym5qrlv1p0v3y9dcj-texlive-20210325/texmf-dist/tex/generic/xkeyval/xkeyval.tex (/cm/shared/sw/nix/store/rkaqlbhxx2yq80qym5qrlv1p0v3y9dcj-texlive-20210325/texmf-dist/tex/generic/xkeyval/xkvutils.tex
\XKV@toks=\toks31
\XKV@tempa@toks=\toks32
)
\XKV@depth=\count302
File: xkeyval.tex 2014/12/03 v2.7a key=value parser (HA)
)) (/cm/shared/sw/nix/store/rkaqlbhxx2yq80qym5qrlv1p0v3y9dcj-texlive-20210325/texmf-dist/tex/latex/pgf/frontendlayer/tikz.sty (/cm/shared/sw/nix/store/rkaqlbhxx2yq80qym5qrlv1p0v3y9dcj-texlive-20210325/texmf-dist/tex/latex/pgf/basiclayer/pgf.sty (/cm/shared/sw/nix/store/rkaqlbhxx2yq80qym5qrlv1p0v3y9dcj-texlive-20210325/texmf-dist/tex/latex/pgf/utilities/pgfrcs.sty (/cm/shared/sw/nix/store/rkaqlbhxx2yq80qym5qrlv1p0v3y9dcj-texlive-20210325/texmf-dist/tex/generic/pgf/utilities/pgfutil-common.tex
\pgfutil@everybye=\toks33
\pgfutil@tempdima=\dimen186
\pgfutil@tempdimb=\dimen187
 (/cm/shared/sw/nix/store/rkaqlbhxx2yq80qym5qrlv1p0v3y9dcj-texlive-20210325/texmf-dist/tex/generic/pgf/utilities/pgfutil-common-lists.tex)) (/cm/shared/sw/nix/store/rkaqlbhxx2yq80qym5qrlv1p0v3y9dcj-texlive-20210325/texmf-dist/tex/generic/pgf/utilities/pgfutil-latex.def
\pgfutil@abb=\box56
) (/cm/shared/sw/nix/store/rkaqlbhxx2yq80qym5qrlv1p0v3y9dcj-texlive-20210325/texmf-dist/tex/generic/pgf/utilities/pgfrcs.code.tex (/cm/shared/sw/nix/store/rkaqlbhxx2yq80qym5qrlv1p0v3y9dcj-texlive-20210325/texmf-dist/tex/generic/pgf/pgf.revision.tex)
Package: pgfrcs 2020/12/27 v3.1.8b (3.1.8b)
))
Package: pgf 2020/12/27 v3.1.8b (3.1.8b)
 (/cm/shared/sw/nix/store/rkaqlbhxx2yq80qym5qrlv1p0v3y9dcj-texlive-20210325/texmf-dist/tex/latex/pgf/basiclayer/pgfcore.sty (/cm/shared/sw/nix/store/rkaqlbhxx2yq80qym5qrlv1p0v3y9dcj-texlive-20210325/texmf-dist/tex/latex/pgf/systemlayer/pgfsys.sty (/cm/shared/sw/nix/store/rkaqlbhxx2yq80qym5qrlv1p0v3y9dcj-texlive-20210325/texmf-dist/tex/generic/pgf/systemlayer/pgfsys.code.tex
Package: pgfsys 2020/12/27 v3.1.8b (3.1.8b)
 (/cm/shared/sw/nix/store/rkaqlbhxx2yq80qym5qrlv1p0v3y9dcj-texlive-20210325/texmf-dist/tex/generic/pgf/utilities/pgfkeys.code.tex
\pgfkeys@pathtoks=\toks34
\pgfkeys@temptoks=\toks35
 (/cm/shared/sw/nix/store/rkaqlbhxx2yq80qym5qrlv1p0v3y9dcj-texlive-20210325/texmf-dist/tex/generic/pgf/utilities/pgfkeysfiltered.code.tex
\pgfkeys@tmptoks=\toks36
))
\pgf@x=\dimen188
\pgf@y=\dimen189
\pgf@xa=\dimen190
\pgf@ya=\dimen191
\pgf@xb=\dimen192
\pgf@yb=\dimen193
\pgf@xc=\dimen194
\pgf@yc=\dimen195
\pgf@xd=\dimen196
\pgf@yd=\dimen197
\w@pgf@writea=\write3
\r@pgf@reada=\read2
\c@pgf@counta=\count303
\c@pgf@countb=\count304
\c@pgf@countc=\count305
\c@pgf@countd=\count306
\t@pgf@toka=\toks37
\t@pgf@tokb=\toks38
\t@pgf@tokc=\toks39
\pgf@sys@id@count=\count307
 (/cm/shared/sw/nix/store/rkaqlbhxx2yq80qym5qrlv1p0v3y9dcj-texlive-20210325/texmf-dist/tex/generic/pgf/systemlayer/pgf.cfg
File: pgf.cfg 2020/12/27 v3.1.8b (3.1.8b)
)
Driver file for pgf: pgfsys-pdftex.def
 (/cm/shared/sw/nix/store/rkaqlbhxx2yq80qym5qrlv1p0v3y9dcj-texlive-20210325/texmf-dist/tex/generic/pgf/systemlayer/pgfsys-pdftex.def
File: pgfsys-pdftex.def 2020/12/27 v3.1.8b (3.1.8b)
 (/cm/shared/sw/nix/store/rkaqlbhxx2yq80qym5qrlv1p0v3y9dcj-texlive-20210325/texmf-dist/tex/generic/pgf/systemlayer/pgfsys-common-pdf.def
File: pgfsys-common-pdf.def 2020/12/27 v3.1.8b (3.1.8b)
))) (/cm/shared/sw/nix/store/rkaqlbhxx2yq80qym5qrlv1p0v3y9dcj-texlive-20210325/texmf-dist/tex/generic/pgf/systemlayer/pgfsyssoftpath.code.tex
File: pgfsyssoftpath.code.tex 2020/12/27 v3.1.8b (3.1.8b)
\pgfsyssoftpath@smallbuffer@items=\count308
\pgfsyssoftpath@bigbuffer@items=\count309
) (/cm/shared/sw/nix/store/rkaqlbhxx2yq80qym5qrlv1p0v3y9dcj-texlive-20210325/texmf-dist/tex/generic/pgf/systemlayer/pgfsysprotocol.code.tex
File: pgfsysprotocol.code.tex 2020/12/27 v3.1.8b (3.1.8b)
)) (/cm/shared/sw/nix/store/rkaqlbhxx2yq80qym5qrlv1p0v3y9dcj-texlive-20210325/texmf-dist/tex/generic/pgf/basiclayer/pgfcore.code.tex
Package: pgfcore 2020/12/27 v3.1.8b (3.1.8b)
 (/cm/shared/sw/nix/store/rkaqlbhxx2yq80qym5qrlv1p0v3y9dcj-texlive-20210325/texmf-dist/tex/generic/pgf/math/pgfmath.code.tex (/cm/shared/sw/nix/store/rkaqlbhxx2yq80qym5qrlv1p0v3y9dcj-texlive-20210325/texmf-dist/tex/generic/pgf/math/pgfmathcalc.code.tex (/cm/shared/sw/nix/store/rkaqlbhxx2yq80qym5qrlv1p0v3y9dcj-texlive-20210325/texmf-dist/tex/generic/pgf/math/pgfmathutil.code.tex) (/cm/shared/sw/nix/store/rkaqlbhxx2yq80qym5qrlv1p0v3y9dcj-texlive-20210325/texmf-dist/tex/generic/pgf/math/pgfmathparser.code.tex
\pgfmath@dimen=\dimen198
\pgfmath@count=\count310
\pgfmath@box=\box57
\pgfmath@toks=\toks40
\pgfmath@stack@operand=\toks41
\pgfmath@stack@operation=\toks42
) (/cm/shared/sw/nix/store/rkaqlbhxx2yq80qym5qrlv1p0v3y9dcj-texlive-20210325/texmf-dist/tex/generic/pgf/math/pgfmathfunctions.code.tex (/cm/shared/sw/nix/store/rkaqlbhxx2yq80qym5qrlv1p0v3y9dcj-texlive-20210325/texmf-dist/tex/generic/pgf/math/pgfmathfunctions.basic.code.tex) (/cm/shared/sw/nix/store/rkaqlbhxx2yq80qym5qrlv1p0v3y9dcj-texlive-20210325/texmf-dist/tex/generic/pgf/math/pgfmathfunctions.trigonometric.code.tex) (/cm/shared/sw/nix/store/rkaqlbhxx2yq80qym5qrlv1p0v3y9dcj-texlive-20210325/texmf-dist/tex/generic/pgf/math/pgfmathfunctions.random.code.tex) (/cm/shared/sw/nix/store/rkaqlbhxx2yq80qym5qrlv1p0v3y9dcj-texlive-20210325/texmf-dist/tex/generic/pgf/math/pgfmathfunctions.comparison.code.tex) (/cm/shared/sw/nix/store/rkaqlbhxx2yq80qym5qrlv1p0v3y9dcj-texlive-20210325/texmf-dist/tex/generic/pgf/math/pgfmathfunctions.base.code.tex) (/cm/shared/sw/nix/store/rkaqlbhxx2yq80qym5qrlv1p0v3y9dcj-texlive-20210325/texmf-dist/tex/generic/pgf/math/pgfmathfunctions.round.code.tex) (/cm/shared/sw/nix/store/rkaqlbhxx2yq80qym5qrlv1p0v3y9dcj-texlive-20210325/texmf-dist/tex/generic/pgf/math/pgfmathfunctions.misc.code.tex) (/cm/shared/sw/nix/store/rkaqlbhxx2yq80qym5qrlv1p0v3y9dcj-texlive-20210325/texmf-dist/tex/generic/pgf/math/pgfmathfunctions.integerarithmetics.code.tex))) (/cm/shared/sw/nix/store/rkaqlbhxx2yq80qym5qrlv1p0v3y9dcj-texlive-20210325/texmf-dist/tex/generic/pgf/math/pgfmathfloat.code.tex
\c@pgfmathroundto@lastzeros=\count311
)) (/cm/shared/sw/nix/store/rkaqlbhxx2yq80qym5qrlv1p0v3y9dcj-texlive-20210325/texmf-dist/tex/generic/pgf/math/pgfint.code.tex) (/cm/shared/sw/nix/store/rkaqlbhxx2yq80qym5qrlv1p0v3y9dcj-texlive-20210325/texmf-dist/tex/generic/pgf/basiclayer/pgfcorepoints.code.tex
File: pgfcorepoints.code.tex 2020/12/27 v3.1.8b (3.1.8b)
\pgf@picminx=\dimen199
\pgf@picmaxx=\dimen256
\pgf@picminy=\dimen257
\pgf@picmaxy=\dimen258
\pgf@pathminx=\dimen259
\pgf@pathmaxx=\dimen260
\pgf@pathminy=\dimen261
\pgf@pathmaxy=\dimen262
\pgf@xx=\dimen263
\pgf@xy=\dimen264
\pgf@yx=\dimen265
\pgf@yy=\dimen266
\pgf@zx=\dimen267
\pgf@zy=\dimen268
) (/cm/shared/sw/nix/store/rkaqlbhxx2yq80qym5qrlv1p0v3y9dcj-texlive-20210325/texmf-dist/tex/generic/pgf/basiclayer/pgfcorepathconstruct.code.tex
File: pgfcorepathconstruct.code.tex 2020/12/27 v3.1.8b (3.1.8b)
\pgf@path@lastx=\dimen269
\pgf@path@lasty=\dimen270
) (/cm/shared/sw/nix/store/rkaqlbhxx2yq80qym5qrlv1p0v3y9dcj-texlive-20210325/texmf-dist/tex/generic/pgf/basiclayer/pgfcorepathusage.code.tex
File: pgfcorepathusage.code.tex 2020/12/27 v3.1.8b (3.1.8b)
\pgf@shorten@end@additional=\dimen271
\pgf@shorten@start@additional=\dimen272
) (/cm/shared/sw/nix/store/rkaqlbhxx2yq80qym5qrlv1p0v3y9dcj-texlive-20210325/texmf-dist/tex/generic/pgf/basiclayer/pgfcorescopes.code.tex
File: pgfcorescopes.code.tex 2020/12/27 v3.1.8b (3.1.8b)
\pgfpic=\box58
\pgf@hbox=\box59
\pgf@layerbox@main=\box60
\pgf@picture@serial@count=\count312
) (/cm/shared/sw/nix/store/rkaqlbhxx2yq80qym5qrlv1p0v3y9dcj-texlive-20210325/texmf-dist/tex/generic/pgf/basiclayer/pgfcoregraphicstate.code.tex
File: pgfcoregraphicstate.code.tex 2020/12/27 v3.1.8b (3.1.8b)
\pgflinewidth=\dimen273
) (/cm/shared/sw/nix/store/rkaqlbhxx2yq80qym5qrlv1p0v3y9dcj-texlive-20210325/texmf-dist/tex/generic/pgf/basiclayer/pgfcoretransformations.code.tex
File: pgfcoretransformations.code.tex 2020/12/27 v3.1.8b (3.1.8b)
\pgf@pt@x=\dimen274
\pgf@pt@y=\dimen275
\pgf@pt@temp=\dimen276
) (/cm/shared/sw/nix/store/rkaqlbhxx2yq80qym5qrlv1p0v3y9dcj-texlive-20210325/texmf-dist/tex/generic/pgf/basiclayer/pgfcorequick.code.tex
File: pgfcorequick.code.tex 2020/12/27 v3.1.8b (3.1.8b)
) (/cm/shared/sw/nix/store/rkaqlbhxx2yq80qym5qrlv1p0v3y9dcj-texlive-20210325/texmf-dist/tex/generic/pgf/basiclayer/pgfcoreobjects.code.tex
File: pgfcoreobjects.code.tex 2020/12/27 v3.1.8b (3.1.8b)
) (/cm/shared/sw/nix/store/rkaqlbhxx2yq80qym5qrlv1p0v3y9dcj-texlive-20210325/texmf-dist/tex/generic/pgf/basiclayer/pgfcorepathprocessing.code.tex
File: pgfcorepathprocessing.code.tex 2020/12/27 v3.1.8b (3.1.8b)
) (/cm/shared/sw/nix/store/rkaqlbhxx2yq80qym5qrlv1p0v3y9dcj-texlive-20210325/texmf-dist/tex/generic/pgf/basiclayer/pgfcorearrows.code.tex
File: pgfcorearrows.code.tex 2020/12/27 v3.1.8b (3.1.8b)
\pgfarrowsep=\dimen277
) (/cm/shared/sw/nix/store/rkaqlbhxx2yq80qym5qrlv1p0v3y9dcj-texlive-20210325/texmf-dist/tex/generic/pgf/basiclayer/pgfcoreshade.code.tex
File: pgfcoreshade.code.tex 2020/12/27 v3.1.8b (3.1.8b)
\pgf@max=\dimen278
\pgf@sys@shading@range@num=\count313
\pgf@shadingcount=\count314
) (/cm/shared/sw/nix/store/rkaqlbhxx2yq80qym5qrlv1p0v3y9dcj-texlive-20210325/texmf-dist/tex/generic/pgf/basiclayer/pgfcoreimage.code.tex
File: pgfcoreimage.code.tex 2020/12/27 v3.1.8b (3.1.8b)
 (/cm/shared/sw/nix/store/rkaqlbhxx2yq80qym5qrlv1p0v3y9dcj-texlive-20210325/texmf-dist/tex/generic/pgf/basiclayer/pgfcoreexternal.code.tex
File: pgfcoreexternal.code.tex 2020/12/27 v3.1.8b (3.1.8b)
\pgfexternal@startupbox=\box61
)) (/cm/shared/sw/nix/store/rkaqlbhxx2yq80qym5qrlv1p0v3y9dcj-texlive-20210325/texmf-dist/tex/generic/pgf/basiclayer/pgfcorelayers.code.tex
File: pgfcorelayers.code.tex 2020/12/27 v3.1.8b (3.1.8b)
) (/cm/shared/sw/nix/store/rkaqlbhxx2yq80qym5qrlv1p0v3y9dcj-texlive-20210325/texmf-dist/tex/generic/pgf/basiclayer/pgfcoretransparency.code.tex
File: pgfcoretransparency.code.tex 2020/12/27 v3.1.8b (3.1.8b)
) (/cm/shared/sw/nix/store/rkaqlbhxx2yq80qym5qrlv1p0v3y9dcj-texlive-20210325/texmf-dist/tex/generic/pgf/basiclayer/pgfcorepatterns.code.tex
File: pgfcorepatterns.code.tex 2020/12/27 v3.1.8b (3.1.8b)
) (/cm/shared/sw/nix/store/rkaqlbhxx2yq80qym5qrlv1p0v3y9dcj-texlive-20210325/texmf-dist/tex/generic/pgf/basiclayer/pgfcorerdf.code.tex
File: pgfcorerdf.code.tex 2020/12/27 v3.1.8b (3.1.8b)
))) (/cm/shared/sw/nix/store/rkaqlbhxx2yq80qym5qrlv1p0v3y9dcj-texlive-20210325/texmf-dist/tex/generic/pgf/modules/pgfmoduleshapes.code.tex
File: pgfmoduleshapes.code.tex 2020/12/27 v3.1.8b (3.1.8b)
\pgfnodeparttextbox=\box62
) (/cm/shared/sw/nix/store/rkaqlbhxx2yq80qym5qrlv1p0v3y9dcj-texlive-20210325/texmf-dist/tex/generic/pgf/modules/pgfmoduleplot.code.tex
File: pgfmoduleplot.code.tex 2020/12/27 v3.1.8b (3.1.8b)
) (/cm/shared/sw/nix/store/rkaqlbhxx2yq80qym5qrlv1p0v3y9dcj-texlive-20210325/texmf-dist/tex/latex/pgf/compatibility/pgfcomp-version-0-65.sty
Package: pgfcomp-version-0-65 2020/12/27 v3.1.8b (3.1.8b)
\pgf@nodesepstart=\dimen279
\pgf@nodesepend=\dimen280
) (/cm/shared/sw/nix/store/rkaqlbhxx2yq80qym5qrlv1p0v3y9dcj-texlive-20210325/texmf-dist/tex/latex/pgf/compatibility/pgfcomp-version-1-18.sty
Package: pgfcomp-version-1-18 2020/12/27 v3.1.8b (3.1.8b)
)) (/cm/shared/sw/nix/store/rkaqlbhxx2yq80qym5qrlv1p0v3y9dcj-texlive-20210325/texmf-dist/tex/latex/pgf/utilities/pgffor.sty (/cm/shared/sw/nix/store/rkaqlbhxx2yq80qym5qrlv1p0v3y9dcj-texlive-20210325/texmf-dist/tex/latex/pgf/utilities/pgfkeys.sty (/cm/shared/sw/nix/store/rkaqlbhxx2yq80qym5qrlv1p0v3y9dcj-texlive-20210325/texmf-dist/tex/generic/pgf/utilities/pgfkeys.code.tex)) (/cm/shared/sw/nix/store/rkaqlbhxx2yq80qym5qrlv1p0v3y9dcj-texlive-20210325/texmf-dist/tex/latex/pgf/math/pgfmath.sty (/cm/shared/sw/nix/store/rkaqlbhxx2yq80qym5qrlv1p0v3y9dcj-texlive-20210325/texmf-dist/tex/generic/pgf/math/pgfmath.code.tex)) (/cm/shared/sw/nix/store/rkaqlbhxx2yq80qym5qrlv1p0v3y9dcj-texlive-20210325/texmf-dist/tex/generic/pgf/utilities/pgffor.code.tex
Package: pgffor 2020/12/27 v3.1.8b (3.1.8b)
 (/cm/shared/sw/nix/store/rkaqlbhxx2yq80qym5qrlv1p0v3y9dcj-texlive-20210325/texmf-dist/tex/generic/pgf/math/pgfmath.code.tex)
\pgffor@iter=\dimen281
\pgffor@skip=\dimen282
\pgffor@stack=\toks43
\pgffor@toks=\toks44
))
(/cm/shared/sw/nix/store/rkaqlbhxx2yq80qym5qrlv1p0v3y9dcj-texlive-20210325/texmf-dist/tex/generic/pgf/frontendlayer/tikz/tikz.code.tex
Package: tikz 2020/12/27 v3.1.8b (3.1.8b)
 (/cm/shared/sw/nix/store/rkaqlbhxx2yq80qym5qrlv1p0v3y9dcj-texlive-20210325/texmf-dist/tex/generic/pgf/libraries/pgflibraryplothandlers.code.tex
File: pgflibraryplothandlers.code.tex 2020/12/27 v3.1.8b (3.1.8b)
\pgf@plot@mark@count=\count315
\pgfplotmarksize=\dimen283
)
\tikz@lastx=\dimen284
\tikz@lasty=\dimen285
\tikz@lastxsaved=\dimen286
\tikz@lastysaved=\dimen287
\tikz@lastmovetox=\dimen288
\tikz@lastmovetoy=\dimen289
\tikzleveldistance=\dimen290
\tikzsiblingdistance=\dimen291
\tikz@figbox=\box63
\tikz@figbox@bg=\box64
\tikz@tempbox=\box65
\tikz@tempbox@bg=\box66
\tikztreelevel=\count316
\tikznumberofchildren=\count317
\tikznumberofcurrentchild=\count318
\tikz@fig@count=\count319
 (/cm/shared/sw/nix/store/rkaqlbhxx2yq80qym5qrlv1p0v3y9dcj-texlive-20210325/texmf-dist/tex/generic/pgf/modules/pgfmodulematrix.code.tex
File: pgfmodulematrix.code.tex 2020/12/27 v3.1.8b (3.1.8b)
\pgfmatrixcurrentrow=\count320
\pgfmatrixcurrentcolumn=\count321
\pgf@matrix@numberofcolumns=\count322
)
\tikz@expandcount=\count323
 (/cm/shared/sw/nix/store/rkaqlbhxx2yq80qym5qrlv1p0v3y9dcj-texlive-20210325/texmf-dist/tex/generic/pgf/frontendlayer/tikz/libraries/tikzlibrarytopaths.code.tex
File: tikzlibrarytopaths.code.tex 2020/12/27 v3.1.8b (3.1.8b)
))) (/cm/shared/sw/nix/store/rkaqlbhxx2yq80qym5qrlv1p0v3y9dcj-texlive-20210325/texmf-dist/tex/generic/pgf/frontendlayer/tikz/libraries/tikzlibrarypositioning.code.tex
File: tikzlibrarypositioning.code.tex 2020/12/27 v3.1.8b (3.1.8b)
) (/cm/shared/sw/nix/store/rkaqlbhxx2yq80qym5qrlv1p0v3y9dcj-texlive-20210325/texmf-dist/tex/generic/pgf/frontendlayer/tikz/libraries/tikzlibraryshadows.code.tex
File: tikzlibraryshadows.code.tex 2020/12/27 v3.1.8b (3.1.8b)
 (/cm/shared/sw/nix/store/rkaqlbhxx2yq80qym5qrlv1p0v3y9dcj-texlive-20210325/texmf-dist/tex/generic/pgf/frontendlayer/tikz/libraries/tikzlibraryfadings.code.tex
File: tikzlibraryfadings.code.tex 2020/12/27 v3.1.8b (3.1.8b)
 (/cm/shared/sw/nix/store/rkaqlbhxx2yq80qym5qrlv1p0v3y9dcj-texlive-20210325/texmf-dist/tex/generic/pgf/libraries/pgflibraryfadings.code.tex
File: pgflibraryfadings.code.tex 2020/12/27 v3.1.8b (3.1.8b)
)))
\c@@todonotes@numberoftodonotes=\count324
)
LaTeX Font Info:    Trying to load font information for OT1+ptm on input line 66.
 (/cm/shared/sw/nix/store/rkaqlbhxx2yq80qym5qrlv1p0v3y9dcj-texlive-20210325/texmf-dist/tex/latex/psnfss/ot1ptm.fd
File: ot1ptm.fd 2001/06/04 font definitions for OT1/ptm.
) (/cm/shared/sw/nix/store/rkaqlbhxx2yq80qym5qrlv1p0v3y9dcj-texlive-20210325/texmf-dist/tex/latex/l3backend/l3backend-pdftex.def
File: l3backend-pdftex.def 2021-03-18 L3 backend support: PDF output (pdfTeX)
\l__color_backend_stack_int=\count325
\l__pdf_internal_box=\box67
) (/mnt/home/wwong/Papers/SymbolicGWPopulation_paper/src/tex/ms.aux)
\openout1 = `ms.aux'.

LaTeX Font Info:    Checking defaults for OML/cmm/m/it on input line 66.
LaTeX Font Info:    ... okay on input line 66.
LaTeX Font Info:    Checking defaults for OMS/cmsy/m/n on input line 66.
LaTeX Font Info:    ... okay on input line 66.
LaTeX Font Info:    Checking defaults for OT1/cmr/m/n on input line 66.
LaTeX Font Info:    ... okay on input line 66.
LaTeX Font Info:    Checking defaults for T1/cmr/m/n on input line 66.
LaTeX Font Info:    ... okay on input line 66.
LaTeX Font Info:    Checking defaults for TS1/cmr/m/n on input line 66.
LaTeX Font Info:    ... okay on input line 66.
LaTeX Font Info:    Checking defaults for OMX/cmex/m/n on input line 66.
LaTeX Font Info:    ... okay on input line 66.
LaTeX Font Info:    Checking defaults for U/cmr/m/n on input line 66.
LaTeX Font Info:    ... okay on input line 66.
LaTeX Font Info:    Checking defaults for PD1/pdf/m/n on input line 66.
LaTeX Font Info:    ... okay on input line 66.
LaTeX Font Info:    Checking defaults for PU/pdf/m/n on input line 66.
LaTeX Font Info:    ... okay on input line 66.
LaTeX Info: Redefining \microtypecontext on input line 66.
Package microtype Info: Generating PDF output.
Package microtype Info: Character protrusion enabled (level 2).
Package microtype Info: Using default protrusion set `alltext'.
Package microtype Info: Automatic font expansion enabled (level 2),
(microtype)             stretch: 20, shrink: 20, step: 1, non-selected.
Package microtype Info: Using default expansion set `alltext-nott'.
LaTeX Info: Redefining \showhyphens on input line 66.
Package microtype Info: No adjustment of tracking.
Package microtype Info: No adjustment of interword spacing.
Package microtype Info: No adjustment of character kerning.
 (/cm/shared/sw/nix/store/rkaqlbhxx2yq80qym5qrlv1p0v3y9dcj-texlive-20210325/texmf-dist/tex/latex/microtype/mt-ptm.cfg
File: mt-ptm.cfg 2006/04/20 v1.7 microtype config. file: Times (RS)
) (/cm/shared/sw/nix/store/rkaqlbhxx2yq80qym5qrlv1p0v3y9dcj-texlive-20210325/texmf-dist/tex/context/base/mkii/supp-pdf.mkii
[Loading MPS to PDF converter (version 2006.09.02).]
\scratchcounter=\count326
\scratchdimen=\dimen292
\scratchbox=\box68
\nofMPsegments=\count327
\nofMParguments=\count328
\everyMPshowfont=\toks45
\MPscratchCnt=\count329
\MPscratchDim=\dimen293
\MPnumerator=\count330
\makeMPintoPDFobject=\count331
\everyMPtoPDFconversion=\toks46
) (/cm/shared/sw/nix/store/rkaqlbhxx2yq80qym5qrlv1p0v3y9dcj-texlive-20210325/texmf-dist/tex/latex/epstopdf-pkg/epstopdf-base.sty
Package: epstopdf-base 2020-01-24 v2.11 Base part for package epstopdf
Package epstopdf-base Info: Redefining graphics rule for `.eps' on input line 485.
 (/cm/shared/sw/nix/store/rkaqlbhxx2yq80qym5qrlv1p0v3y9dcj-texlive-20210325/texmf-dist/tex/latex/latexconfig/epstopdf-sys.cfg
File: epstopdf-sys.cfg 2010/07/13 v1.3 Configuration of (r)epstopdf for TeX Live
))
Package hyperref Info: Link coloring ON on input line 66.
 (/cm/shared/sw/nix/store/rkaqlbhxx2yq80qym5qrlv1p0v3y9dcj-texlive-20210325/texmf-dist/tex/latex/hyperref/nameref.sty
Package: nameref 2021-04-02 v2.47 Cross-referencing by name of section
 (/cm/shared/sw/nix/store/rkaqlbhxx2yq80qym5qrlv1p0v3y9dcj-texlive-20210325/texmf-dist/tex/latex/refcount/refcount.sty
Package: refcount 2019/12/15 v3.6 Data extraction from label references (HO)
) (/cm/shared/sw/nix/store/rkaqlbhxx2yq80qym5qrlv1p0v3y9dcj-texlive-20210325/texmf-dist/tex/generic/gettitlestring/gettitlestring.sty
Package: gettitlestring 2019/12/15 v1.6 Cleanup title references (HO)
)
\c@section@level=\count332
)
LaTeX Info: Redefining \ref on input line 66.
LaTeX Info: Redefining \pageref on input line 66.
LaTeX Info: Redefining \nameref on input line 66.
 (/mnt/home/wwong/Papers/SymbolicGWPopulation_paper/src/tex/ms.out) (/mnt/home/wwong/Papers/SymbolicGWPopulation_paper/src/tex/ms.out)
\@outlinefile=\write4
\openout4 = `ms.out'.

\c@@affilflatiron=\count333
 (/cm/shared/sw/nix/store/rkaqlbhxx2yq80qym5qrlv1p0v3y9dcj-texlive-20210325/texmf-dist/tex/latex/microtype/mt-cmr.cfg
File: mt-cmr.cfg 2013/05/19 v2.2 microtype config. file: Computer Modern Roman (RS)
)
LaTeX Font Info:    Trying to load font information for U+msa on input line 89.
 (/cm/shared/sw/nix/store/rkaqlbhxx2yq80qym5qrlv1p0v3y9dcj-texlive-20210325/texmf-dist/tex/latex/amsfonts/umsa.fd
File: umsa.fd 2013/01/14 v3.01 AMS symbols A
) (/cm/shared/sw/nix/store/rkaqlbhxx2yq80qym5qrlv1p0v3y9dcj-texlive-20210325/texmf-dist/tex/latex/microtype/mt-msa.cfg
File: mt-msa.cfg 2006/02/04 v1.1 microtype config. file: AMS symbols (a) (RS)
)
LaTeX Font Info:    Trying to load font information for U+msb on input line 89.
 (/cm/shared/sw/nix/store/rkaqlbhxx2yq80qym5qrlv1p0v3y9dcj-texlive-20210325/texmf-dist/tex/latex/amsfonts/umsb.fd
File: umsb.fd 2013/01/14 v3.01 AMS symbols B
) (/cm/shared/sw/nix/store/rkaqlbhxx2yq80qym5qrlv1p0v3y9dcj-texlive-20210325/texmf-dist/tex/latex/microtype/mt-msb.cfg
File: mt-msb.cfg 2005/06/01 v1.0 microtype config. file: AMS symbols (b) (RS)
)
\c@@affilprinceton=\count334


Package hyperref Warning: Ignoring empty anchor on input line 100.

LaTeX Font Info:    Trying to load font information for OML+ptm on input line 100.
(/cm/shared/sw/nix/store/rkaqlbhxx2yq80qym5qrlv1p0v3y9dcj-texlive-20210325/texmf-dist/tex/latex/psnfss/omlptm.fd
File: omlptm.fd 
)
LaTeX Font Info:    Font shape `OML/ptm/m/n' in size <9> not available
(Font)              Font shape `OML/cmm/m/it' tried instead on input line 100.

Underfull \hbox (badness 1661) in paragraph at lines 100--100
\OT1/ptm/m/n/9 (+20) of As-tro-phys-i-cal Sci-ences, Prince-ton Uni-ver-sity, Prince-ton,
 []


Underfull \vbox (badness 10000) has occurred while \output is active []

 [1{/cm/shared/sw/nix/store/rkaqlbhxx2yq80qym5qrlv1p0v3y9dcj-texlive-20210325/texmf-dist/fonts/map/pdftex/updmap/pdftex.map}



]
LaTeX Font Info:    Trying to load font information for OT1+pcr on input line 222.
 (/cm/shared/sw/nix/store/rkaqlbhxx2yq80qym5qrlv1p0v3y9dcj-texlive-20210325/texmf-dist/tex/latex/psnfss/ot1pcr.fd
File: ot1pcr.fd 2001/06/04 font definitions for OT1/pcr.
)
Package microtype Info: Loading generic protrusion settings for font family
(microtype)             `pcr' (encoding: OT1).
(microtype)             For optimal results, create family-specific settings.
(microtype)             See the microtype manual for details.

Underfull \vbox (badness 10000) has occurred while \output is active []

 [2pdfTeX warning (ext4): destination with the same identifier (name{figure.1}) has been already used, duplicate ignored
<argument> ...shipout:D \box_use:N \l_shipout_box 
                                                  
l.256 
      ]
Underfull \vbox (badness 10000) has occurred while \output is active []


Underfull \vbox (badness 10000) has occurred while \output is active []

 [3pdfTeX warning (ext4): destination with the same identifier (name{table.1}) has been already used, duplicate ignored
<argument> ...shipout:D \box_use:N \l_shipout_box 
                                                  
l.300 
      ]
Underfull \vbox (badness 10000) has occurred while \output is active []

 (/mnt/home/wwong/Papers/SymbolicGWPopulation_paper/src/tex/ms.bbl [4]) [5] (/mnt/home/wwong/Papers/SymbolicGWPopulation_paper/src/tex/ms.aux)
Package rerunfilecheck Info: File `ms.out' has not changed.
(rerunfilecheck)             Checksum: D41D8CD98F00B204E9800998ECF8427E;0.
 ) 
Here is how much of TeX's memory you used:
 25386 strings out of 478994
 484013 string characters out of 5833032
 796933 words of memory out of 5000000
 42071 multiletter control sequences out of 15000+600000
 442403 words of font info for 253 fonts, out of 8000000 for 9000
 1141 hyphenation exceptions out of 8191
 102i,13n,102p,684b,466s stack positions out of 5000i,500n,10000p,200000b,80000s
{/cm/shared/sw/nix/store/rkaqlbhxx2yq80qym5qrlv1p0v3y9dcj-texlive-20210325/texmf-dist/fonts/enc/dvips/base/8r.enc}</cm/shared/sw/nix/store/rkaqlbhxx2yq80qym5qrlv1p0v3y9dcj-texlive-20210325/texmf-dist/fonts/type1/public/amsfonts/cm/cmex10.pfb></cm/shared/sw/nix/store/rkaqlbhxx2yq80qym5qrlv1p0v3y9dcj-texlive-20210325/texmf-dist/fonts/type1/public/amsfonts/cm/cmmi10.pfb></cm/shared/sw/nix/store/rkaqlbhxx2yq80qym5qrlv1p0v3y9dcj-texlive-20210325/texmf-dist/fonts/type1/public/amsfonts/cm/cmmi6.pfb></cm/shared/sw/nix/store/rkaqlbhxx2yq80qym5qrlv1p0v3y9dcj-texlive-20210325/texmf-dist/fonts/type1/public/amsfonts/cm/cmmi9.pfb></cm/shared/sw/nix/store/rkaqlbhxx2yq80qym5qrlv1p0v3y9dcj-texlive-20210325/texmf-dist/fonts/type1/public/amsfonts/cm/cmr10.pfb></cm/shared/sw/nix/store/rkaqlbhxx2yq80qym5qrlv1p0v3y9dcj-texlive-20210325/texmf-dist/fonts/type1/public/amsfonts/cm/cmr7.pfb></cm/shared/sw/nix/store/rkaqlbhxx2yq80qym5qrlv1p0v3y9dcj-texlive-20210325/texmf-dist/fonts/type1/public/amsfonts/cm/cmsy10.pfb></cm/shared/sw/nix/store/rkaqlbhxx2yq80qym5qrlv1p0v3y9dcj-texlive-20210325/texmf-dist/fonts/type1/public/amsfonts/cm/cmsy7.pfb></cm/shared/sw/nix/store/rkaqlbhxx2yq80qym5qrlv1p0v3y9dcj-texlive-20210325/texmf-dist/fonts/type1/public/amsfonts/cm/cmti9.pfb></cm/shared/sw/nix/store/rkaqlbhxx2yq80qym5qrlv1p0v3y9dcj-texlive-20210325/texmf-dist/fonts/type1/urw/courier/ucrr8a.pfb></cm/shared/sw/nix/store/rkaqlbhxx2yq80qym5qrlv1p0v3y9dcj-texlive-20210325/texmf-dist/fonts/type1/urw/times/utmb8a.pfb></cm/shared/sw/nix/store/rkaqlbhxx2yq80qym5qrlv1p0v3y9dcj-texlive-20210325/texmf-dist/fonts/type1/urw/times/utmr8a.pfb></cm/shared/sw/nix/store/rkaqlbhxx2yq80qym5qrlv1p0v3y9dcj-texlive-20210325/texmf-dist/fonts/type1/urw/times/utmr8a.pfb></cm/shared/sw/nix/store/rkaqlbhxx2yq80qym5qrlv1p0v3y9dcj-texlive-20210325/texmf-dist/fonts/type1/urw/times/utmri8a.pfb>
Output written on /mnt/home/wwong/Papers/SymbolicGWPopulation_paper/src/tex/ms.pdf (5 pages, 178122 bytes).
PDF statistics:
 253 PDF objects out of 1000 (max. 8388607)
 213 compressed objects within 3 object streams
 47 named destinations out of 1000 (max. 500000)
 57453 words of extra memory for PDF output out of 61914 (max. 10000000)

